This is pdfTeX, Version 3.141592653-2.6-1.40.25 (TeX Live 2023) (preloaded format=pdflatex 2023.4.2)  25 FEB 2024 20:16
entering extended mode
 restricted \write18 enabled.
 file:line:error style messages enabled.
 %&-line parsing enabled.
**Report.tex
(./Report.tex
LaTeX2e <2022-11-01> patch level 1
L3 programming layer <2023-02-22>
(/usr/local/texlive/2023/texmf-dist/tex/latex/base/article.cls
Document Class: article 2022/07/02 v1.4n Standard LaTeX document class
(/usr/local/texlive/2023/texmf-dist/tex/latex/base/size12.clo
File: size12.clo 2022/07/02 v1.4n Standard LaTeX file (size option)
)
\c@part=\count185
\c@section=\count186
\c@subsection=\count187
\c@subsubsection=\count188
\c@paragraph=\count189
\c@subparagraph=\count190
\c@figure=\count191
\c@table=\count192
\abovecaptionskip=\skip48
\belowcaptionskip=\skip49
\bibindent=\dimen140
)
(/usr/local/texlive/2023/texmf-dist/tex/latex/graphics/graphicx.sty
Package: graphicx 2021/09/16 v1.2d Enhanced LaTeX Graphics (DPC,SPQR)

(/usr/local/texlive/2023/texmf-dist/tex/latex/graphics/keyval.sty
Package: keyval 2022/05/29 v1.15 key=value parser (DPC)
\KV@toks@=\toks16
)
(/usr/local/texlive/2023/texmf-dist/tex/latex/graphics/graphics.sty
Package: graphics 2022/03/10 v1.4e Standard LaTeX Graphics (DPC,SPQR)

(/usr/local/texlive/2023/texmf-dist/tex/latex/graphics/trig.sty
Package: trig 2021/08/11 v1.11 sin cos tan (DPC)
)
(/usr/local/texlive/2023/texmf-dist/tex/latex/graphics-cfg/graphics.cfg
File: graphics.cfg 2016/06/04 v1.11 sample graphics configuration
)
Package graphics Info: Driver file: pdftex.def on input line 107.

(/usr/local/texlive/2023/texmf-dist/tex/latex/graphics-def/pdftex.def
File: pdftex.def 2022/09/22 v1.2b Graphics/color driver for pdftex
))
\Gin@req@height=\dimen141
\Gin@req@width=\dimen142
)
(/usr/local/texlive/2023/texmf-dist/tex/latex/xcolor/xcolor.sty
Package: xcolor 2022/06/12 v2.14 LaTeX color extensions (UK)

(/usr/local/texlive/2023/texmf-dist/tex/latex/graphics-cfg/color.cfg
File: color.cfg 2016/01/02 v1.6 sample color configuration
)
Package xcolor Info: Driver file: pdftex.def on input line 227.

(/usr/local/texlive/2023/texmf-dist/tex/latex/graphics/mathcolor.ltx)
Package xcolor Info: Model `cmy' substituted by `cmy0' on input line 1353.
Package xcolor Info: Model `hsb' substituted by `rgb' on input line 1357.
Package xcolor Info: Model `RGB' extended on input line 1369.
Package xcolor Info: Model `HTML' substituted by `rgb' on input line 1371.
Package xcolor Info: Model `Hsb' substituted by `hsb' on input line 1372.
Package xcolor Info: Model `tHsb' substituted by `hsb' on input line 1373.
Package xcolor Info: Model `HSB' substituted by `hsb' on input line 1374.
Package xcolor Info: Model `Gray' substituted by `gray' on input line 1375.
Package xcolor Info: Model `wave' substituted by `hsb' on input line 1376.
)
(/usr/local/texlive/2023/texmf-dist/tex/latex/caption/subcaption.sty
Package: subcaption 2023/02/19 v1.6 Sub-captions (AR)

(/usr/local/texlive/2023/texmf-dist/tex/latex/caption/caption.sty
Package: caption 2023/03/12 v3.6j Customizing captions (AR)

(/usr/local/texlive/2023/texmf-dist/tex/latex/caption/caption3.sty
Package: caption3 2023/03/12 v2.4 caption3 kernel (AR)
\caption@tempdima=\dimen143
\captionmargin=\dimen144
\caption@leftmargin=\dimen145
\caption@rightmargin=\dimen146
\caption@width=\dimen147
\caption@indent=\dimen148
\caption@parindent=\dimen149
\caption@hangindent=\dimen150
Package caption Info: Standard document class detected.
)
\c@caption@flags=\count193
\c@continuedfloat=\count194
)
Package caption Info: New subtype `subfigure' on input line 239.
\c@subfigure=\count195
Package caption Info: New subtype `subtable' on input line 239.
\c@subtable=\count196
)
(/usr/local/texlive/2023/texmf-dist/tex/latex/hyperref/hyperref.sty
Package: hyperref 2023-02-07 v7.00v Hypertext links for LaTeX

(/usr/local/texlive/2023/texmf-dist/tex/generic/ltxcmds/ltxcmds.sty
Package: ltxcmds 2020-05-10 v1.25 LaTeX kernel commands for general use (HO)
)
(/usr/local/texlive/2023/texmf-dist/tex/generic/iftex/iftex.sty
Package: iftex 2022/02/03 v1.0f TeX engine tests
)
(/usr/local/texlive/2023/texmf-dist/tex/generic/pdftexcmds/pdftexcmds.sty
Package: pdftexcmds 2020-06-27 v0.33 Utility functions of pdfTeX for LuaTeX (HO
)

(/usr/local/texlive/2023/texmf-dist/tex/generic/infwarerr/infwarerr.sty
Package: infwarerr 2019/12/03 v1.5 Providing info/warning/error messages (HO)
)
Package pdftexcmds Info: \pdf@primitive is available.
Package pdftexcmds Info: \pdf@ifprimitive is available.
Package pdftexcmds Info: \pdfdraftmode found.
)
(/usr/local/texlive/2023/texmf-dist/tex/latex/kvsetkeys/kvsetkeys.sty
Package: kvsetkeys 2022-10-05 v1.19 Key value parser (HO)
)
(/usr/local/texlive/2023/texmf-dist/tex/generic/kvdefinekeys/kvdefinekeys.sty
Package: kvdefinekeys 2019-12-19 v1.6 Define keys (HO)
)
(/usr/local/texlive/2023/texmf-dist/tex/generic/pdfescape/pdfescape.sty
Package: pdfescape 2019/12/09 v1.15 Implements pdfTeX's escape features (HO)
)
(/usr/local/texlive/2023/texmf-dist/tex/latex/hycolor/hycolor.sty
Package: hycolor 2020-01-27 v1.10 Color options for hyperref/bookmark (HO)
)
(/usr/local/texlive/2023/texmf-dist/tex/latex/letltxmacro/letltxmacro.sty
Package: letltxmacro 2019/12/03 v1.6 Let assignment for LaTeX macros (HO)
)
(/usr/local/texlive/2023/texmf-dist/tex/latex/auxhook/auxhook.sty
Package: auxhook 2019-12-17 v1.6 Hooks for auxiliary files (HO)
)
(/usr/local/texlive/2023/texmf-dist/tex/latex/hyperref/nameref.sty
Package: nameref 2022-05-17 v2.50 Cross-referencing by name of section

(/usr/local/texlive/2023/texmf-dist/tex/latex/refcount/refcount.sty
Package: refcount 2019/12/15 v3.6 Data extraction from label references (HO)
)
(/usr/local/texlive/2023/texmf-dist/tex/generic/gettitlestring/gettitlestring.s
ty
Package: gettitlestring 2019/12/15 v1.6 Cleanup title references (HO)
 (/usr/local/texlive/2023/texmf-dist/tex/latex/kvoptions/kvoptions.sty
Package: kvoptions 2022-06-15 v3.15 Key value format for package options (HO)
))
\c@section@level=\count197
)
\@linkdim=\dimen151
\Hy@linkcounter=\count198
\Hy@pagecounter=\count199

(/usr/local/texlive/2023/texmf-dist/tex/latex/hyperref/pd1enc.def
File: pd1enc.def 2023-02-07 v7.00v Hyperref: PDFDocEncoding definition (HO)
Now handling font encoding PD1 ...
... no UTF-8 mapping file for font encoding PD1
)
(/usr/local/texlive/2023/texmf-dist/tex/generic/intcalc/intcalc.sty
Package: intcalc 2019/12/15 v1.3 Expandable calculations with integers (HO)
)
(/usr/local/texlive/2023/texmf-dist/tex/generic/etexcmds/etexcmds.sty
Package: etexcmds 2019/12/15 v1.7 Avoid name clashes with e-TeX commands (HO)
)
\Hy@SavedSpaceFactor=\count266

(/usr/local/texlive/2023/texmf-dist/tex/latex/hyperref/puenc.def
File: puenc.def 2023-02-07 v7.00v Hyperref: PDF Unicode definition (HO)
Now handling font encoding PU ...
... no UTF-8 mapping file for font encoding PU
)
Package hyperref Info: Hyper figures OFF on input line 4177.
Package hyperref Info: Link nesting OFF on input line 4182.
Package hyperref Info: Hyper index ON on input line 4185.
Package hyperref Info: Plain pages OFF on input line 4192.
Package hyperref Info: Backreferencing OFF on input line 4197.
Package hyperref Info: Implicit mode ON; LaTeX internals redefined.
Package hyperref Info: Bookmarks ON on input line 4425.
\c@Hy@tempcnt=\count267

(/usr/local/texlive/2023/texmf-dist/tex/latex/url/url.sty
\Urlmuskip=\muskip16
Package: url 2013/09/16  ver 3.4  Verb mode for urls, etc.
)
LaTeX Info: Redefining \url on input line 4763.
\XeTeXLinkMargin=\dimen152

(/usr/local/texlive/2023/texmf-dist/tex/generic/bitset/bitset.sty
Package: bitset 2019/12/09 v1.3 Handle bit-vector datatype (HO)

(/usr/local/texlive/2023/texmf-dist/tex/generic/bigintcalc/bigintcalc.sty
Package: bigintcalc 2019/12/15 v1.5 Expandable calculations on big integers (HO
)
))
\Fld@menulength=\count268
\Field@Width=\dimen153
\Fld@charsize=\dimen154
Package hyperref Info: Hyper figures OFF on input line 6042.
Package hyperref Info: Link nesting OFF on input line 6047.
Package hyperref Info: Hyper index ON on input line 6050.
Package hyperref Info: backreferencing OFF on input line 6057.
Package hyperref Info: Link coloring OFF on input line 6062.
Package hyperref Info: Link coloring with OCG OFF on input line 6067.
Package hyperref Info: PDF/A mode OFF on input line 6072.

(/usr/local/texlive/2023/texmf-dist/tex/latex/base/atbegshi-ltx.sty
Package: atbegshi-ltx 2021/01/10 v1.0c Emulation of the original atbegshi
package with kernel methods
)
\Hy@abspage=\count269
\c@Item=\count270
\c@Hfootnote=\count271
)
Package hyperref Info: Driver (autodetected): hpdftex.

(/usr/local/texlive/2023/texmf-dist/tex/latex/hyperref/hpdftex.def
File: hpdftex.def 2023-02-07 v7.00v Hyperref driver for pdfTeX

(/usr/local/texlive/2023/texmf-dist/tex/latex/base/atveryend-ltx.sty
Package: atveryend-ltx 2020/08/19 v1.0a Emulation of the original atveryend pac
kage
with kernel methods
)
\Fld@listcount=\count272
\c@bookmark@seq@number=\count273

(/usr/local/texlive/2023/texmf-dist/tex/latex/rerunfilecheck/rerunfilecheck.sty
Package: rerunfilecheck 2022-07-10 v1.10 Rerun checks for auxiliary files (HO)

(/usr/local/texlive/2023/texmf-dist/tex/generic/uniquecounter/uniquecounter.sty
Package: uniquecounter 2019/12/15 v1.4 Provide unlimited unique counter (HO)
)
Package uniquecounter Info: New unique counter `rerunfilecheck' on input line 2
85.
)
\Hy@SectionHShift=\skip50
)
Package hyperref Info: Option `colorlinks' set `true' on input line 11.
 (/usr/local/texlive/2023/texmf-dist/tex/latex/setspace/setspace.sty
Package: setspace 2022/12/04 v6.7b set line spacing
)
(/usr/local/texlive/2023/texmf-dist/tex/latex/geometry/geometry.sty
Package: geometry 2020/01/02 v5.9 Page Geometry

(/usr/local/texlive/2023/texmf-dist/tex/generic/iftex/ifvtex.sty
Package: ifvtex 2019/10/25 v1.7 ifvtex legacy package. Use iftex instead.
)
\Gm@cnth=\count274
\Gm@cntv=\count275
\c@Gm@tempcnt=\count276
\Gm@bindingoffset=\dimen155
\Gm@wd@mp=\dimen156
\Gm@odd@mp=\dimen157
\Gm@even@mp=\dimen158
\Gm@layoutwidth=\dimen159
\Gm@layoutheight=\dimen160
\Gm@layouthoffset=\dimen161
\Gm@layoutvoffset=\dimen162
\Gm@dimlist=\toks17
)
(/usr/local/texlive/2023/texmf-dist/tex/latex/l3backend/l3backend-pdftex.def
File: l3backend-pdftex.def 2023-01-16 L3 backend support: PDF output (pdfTeX)
\l__color_backend_stack_int=\count277
\l__pdf_internal_box=\box51
)
(./Report.aux)
\openout1 = `Report.aux'.

LaTeX Font Info:    Checking defaults for OML/cmm/m/it on input line 23.
LaTeX Font Info:    ... okay on input line 23.
LaTeX Font Info:    Checking defaults for OMS/cmsy/m/n on input line 23.
LaTeX Font Info:    ... okay on input line 23.
LaTeX Font Info:    Checking defaults for OT1/cmr/m/n on input line 23.
LaTeX Font Info:    ... okay on input line 23.
LaTeX Font Info:    Checking defaults for T1/cmr/m/n on input line 23.
LaTeX Font Info:    ... okay on input line 23.
LaTeX Font Info:    Checking defaults for TS1/cmr/m/n on input line 23.
LaTeX Font Info:    ... okay on input line 23.
LaTeX Font Info:    Checking defaults for OMX/cmex/m/n on input line 23.
LaTeX Font Info:    ... okay on input line 23.
LaTeX Font Info:    Checking defaults for U/cmr/m/n on input line 23.
LaTeX Font Info:    ... okay on input line 23.
LaTeX Font Info:    Checking defaults for PD1/pdf/m/n on input line 23.
LaTeX Font Info:    ... okay on input line 23.
LaTeX Font Info:    Checking defaults for PU/pdf/m/n on input line 23.
LaTeX Font Info:    ... okay on input line 23.

(/usr/local/texlive/2023/texmf-dist/tex/context/base/mkii/supp-pdf.mkii
[Loading MPS to PDF converter (version 2006.09.02).]
\scratchcounter=\count278
\scratchdimen=\dimen163
\scratchbox=\box52
\nofMPsegments=\count279
\nofMParguments=\count280
\everyMPshowfont=\toks18
\MPscratchCnt=\count281
\MPscratchDim=\dimen164
\MPnumerator=\count282
\makeMPintoPDFobject=\count283
\everyMPtoPDFconversion=\toks19
) (/usr/local/texlive/2023/texmf-dist/tex/latex/epstopdf-pkg/epstopdf-base.sty
Package: epstopdf-base 2020-01-24 v2.11 Base part for package epstopdf
Package epstopdf-base Info: Redefining graphics rule for `.eps' on input line 4
85.

(/usr/local/texlive/2023/texmf-dist/tex/latex/latexconfig/epstopdf-sys.cfg
File: epstopdf-sys.cfg 2010/07/13 v1.3 Configuration of (r)epstopdf for TeX Liv
e
))
Package caption Info: Begin \AtBeginDocument code.
Package caption Info: hyperref package is loaded.
Package caption Info: End \AtBeginDocument code.
Package hyperref Info: Link coloring ON on input line 23.

(./Report.out) (./Report.out)
\@outlinefile=\write3
\openout3 = `Report.out'.


*geometry* driver: auto-detecting
*geometry* detected driver: pdftex
*geometry* verbose mode - [ preamble ] result:
* driver: pdftex
* paper: <default>
* layout: <same size as paper>
* layoutoffset:(h,v)=(0.0pt,0.0pt)
* modes: 
* h-part:(L,W,R)=(36.135pt, 542.02501pt, 36.135pt)
* v-part:(T,H,B)=(36.135pt, 722.7pt, 36.135pt)
* \paperwidth=614.295pt
* \paperheight=794.96999pt
* \textwidth=542.02501pt
* \textheight=722.7pt
* \oddsidemargin=-36.135pt
* \evensidemargin=-36.135pt
* \topmargin=-73.135pt
* \headheight=12.0pt
* \headsep=25.0pt
* \topskip=12.0pt
* \footskip=30.0pt
* \marginparwidth=44.0pt
* \marginparsep=10.0pt
* \columnsep=10.0pt
* \skip\footins=10.8pt plus 4.0pt minus 2.0pt
* \hoffset=0.0pt
* \voffset=0.0pt
* \mag=1000
* \@twocolumnfalse
* \@twosidefalse
* \@mparswitchfalse
* \@reversemarginfalse
* (1in=72.27pt=25.4mm, 1cm=28.453pt)

LaTeX Font Info:    External font `cmex10' loaded for size
(Font)              <14.4> on input line 27.
LaTeX Font Info:    External font `cmex10' loaded for size
(Font)              <7> on input line 27.

LaTeX Warning: No \author given.

LaTeX Font Info:    External font `cmex10' loaded for size
(Font)              <12> on input line 28.
LaTeX Font Info:    External font `cmex10' loaded for size
(Font)              <8> on input line 28.
LaTeX Font Info:    External font `cmex10' loaded for size
(Font)              <6> on input line 28.
<images//original_data.png, id=72, 1350.04375pt x 386.44376pt>
File: images//original_data.png Graphic file (type png)
<use images//original_data.png>
Package pdftex.def Info: images//original_data.png  used on input line 44.
(pdftex.def)             Requested size: 540.00793pt x 154.57475pt.
[1

{/usr/local/texlive/2023/texmf-var/fonts/map/pdftex/updmap/pdftex.map} <./image
s//original_data.png>]
Underfull \hbox (badness 10000) in paragraph at lines 64--65

 []

<images//no_of_rides_orig.png, id=92, 270.00874pt x 397.485pt>
File: images//no_of_rides_orig.png Graphic file (type png)
<use images//no_of_rides_orig.png>
Package pdftex.def Info: images//no_of_rides_orig.png  used on input line 70.
(pdftex.def)             Requested size: 135.00403pt x 198.742pt.
<images//no_of_rides.pdf, id=93, 867.24pt x 433.62pt>
File: images//no_of_rides.pdf Graphic file (type pdf)
<use images//no_of_rides.pdf>
Package pdftex.def Info: images//no_of_rides.pdf  used on input line 76.
(pdftex.def)             Requested size: 407.60286pt x 203.80142pt.

Overfull \hbox (27.17943pt too wide) in paragraph at lines 75--79
[]  [] 
 []


Underfull \hbox (badness 10000) in paragraph at lines 85--86

 []

[2 <./images//no_of_rides_orig.png> <./images//no_of_rides.pdf>]
<images//null_percents.png, id=146, 1235.61626pt x 315.1775pt>
File: images//null_percents.png Graphic file (type png)
<use images//null_percents.png>
Package pdftex.def Info: images//null_percents.png  used on input line 90.
(pdftex.def)             Requested size: 543.67284pt x 138.67853pt.

Overfull \hbox (1.64783pt too wide) in paragraph at lines 90--91
 [][] 
 []

<images//imgUni.png, id=148, 316.18124pt x 308.15125pt>
File: images//imgUni.png Graphic file (type png)
<use images//imgUni.png>
Package pdftex.def Info: images//imgUni.png  used on input line 100.
(pdftex.def)             Requested size: 189.7102pt x 184.89217pt.

Underfull \hbox (badness 10000) in paragraph at lines 113--115

 []

[3{/usr/local/texlive/2023/texmf-dist/fonts/enc/dvips/cm-super/cm-super-ts1.enc
} <./images//null_percents.png> <./images//imgUni.png>]
<images//imgDups1.png, id=160, 1324.95pt x 118.4425pt>
File: images//imgDups1.png Graphic file (type png)
<use images//imgDups1.png>
Package pdftex.def Info: images//imgDups1.png  used on input line 118.
(pdftex.def)             Requested size: 529.97061pt x 47.37614pt.

Overfull \hbox (12.2379pt too wide) in paragraph at lines 117--119
[]  [] 
 []


Underfull \hbox (badness 10000) in paragraph at lines 144--145

 []

[4 <./images//imgDups1.png>]
Underfull \hbox (badness 10000) in paragraph at lines 154--155

 []

<images//same_started_at.png, id=175, 618.31pt x 330.23375pt>
File: images//same_started_at.png Graphic file (type png)
<use images//same_started_at.png>
Package pdftex.def Info: images//same_started_at.png  used on input line 158.
(pdftex.def)             Requested size: 309.15424pt x 165.11646pt.
[5 <./images//same_started_at.png>]
Underfull \hbox (badness 10000) in paragraph at lines 172--174

 []


Underfull \hbox (badness 10000) in paragraph at lines 172--174

 []

<images//no_of_rides_per_rider.png, id=184, 295.1025pt x 451.6875pt>
File: images//no_of_rides_per_rider.png Graphic file (type png)
<use images//no_of_rides_per_rider.png>
Package pdftex.def Info: images//no_of_rides_per_rider.png  used on input line 
178.
(pdftex.def)             Requested size: 147.55087pt x 225.84319pt.
<images//no_of_rides_per_rider_type.pdf, id=185, 867.24pt x 491.436pt>
File: images//no_of_rides_per_rider_type.pdf Graphic file (type pdf)
<use images//no_of_rides_per_rider_type.pdf>
Package pdftex.def Info: images//no_of_rides_per_rider_type.pdf  used on input 
line 182.
(pdftex.def)             Requested size: 398.93524pt x 226.0633pt.

Overfull \hbox (51.03308pt too wide) in paragraph at lines 181--183
[]  [] 
 []


Underfull \hbox (badness 10000) in paragraph at lines 190--191

 []

[6 <./images//no_of_rides_per_rider.png> <./images//no_of_rides_per_rider_type.
pdf>]
<images//mean_max.png, id=243, 594.22pt x 474.77374pt>
File: images//mean_max.png Graphic file (type png)
<use images//mean_max.png>
Package pdftex.def Info: images//mean_max.png  used on input line 196.
(pdftex.def)             Requested size: 297.10927pt x 237.38629pt.
<images//mean_ridelength_line.pdf, id=244, 542.025pt x 505.89pt>
File: images//mean_ridelength_line.pdf Graphic file (type pdf)
<use images//mean_ridelength_line.pdf>
Package pdftex.def Info: images//mean_ridelength_line.pdf  used on input line 2
02.
(pdftex.def)             Requested size: 271.01183pt x 252.94437pt.

Overfull \hbox (136.86081pt too wide) in paragraph at lines 202--203
[][] 
 []

<images//max_ridelength_line.pdf, id=245, 542.025pt x 505.89pt>
File: images//max_ridelength_line.pdf Graphic file (type pdf)
<use images//max_ridelength_line.pdf>
Package pdftex.def Info: images//max_ridelength_line.pdf  used on input line 20
8.
(pdftex.def)             Requested size: 271.01183pt x 252.94437pt.

Overfull \hbox (151.76749pt too wide) in paragraph at lines 208--209
[][] 
 []

[7 <./images//mean_max.png> <./images//mean_ridelength_line.pdf> <./images//max
_ridelength_line.pdf

pdfTeX warning: /Library/TeX/texbin/pdflatex (file ./images//max_ridelength_lin
e.pdf): PDF inclusion: multiple pdfs with page group included in a single page
>]
<images//ridelength_boxplot.pdf, id=339, 1011.78pt x 505.89pt>
File: images//ridelength_boxplot.pdf Graphic file (type pdf)
<use images//ridelength_boxplot.pdf>
Package pdftex.def Info: images//ridelength_boxplot.pdf  used on input line 224
.
(pdftex.def)             Requested size: 505.88876pt x 252.94437pt.

Underfull \hbox (badness 10000) in paragraph at lines 235--236

 []

<images//ridelength_boxplot_wo_outliers.pdf, id=343, 462.52798pt x 462.52798pt>

File: images//ridelength_boxplot_wo_outliers.pdf Graphic file (type pdf)
<use images//ridelength_boxplot_wo_outliers.pdf>
Package pdftex.def Info: images//ridelength_boxplot_wo_outliers.pdf  used on in
put line 239.
(pdftex.def)             Requested size: 277.51892pt x 277.51892pt.

LaTeX Warning: `h' float specifier changed to `ht'.

[8 <./images//ridelength_boxplot.pdf>]
<images//dayofweek_t.png, id=396, 325.215pt x 395.4775pt>
File: images//dayofweek_t.png Graphic file (type png)
<use images//dayofweek_t.png>
Package pdftex.def Info: images//dayofweek_t.png  used on input line 253.
(pdftex.def)             Requested size: 172.36313pt x 209.60207pt.

Overfull \hbox (63.9598pt too wide) in paragraph at lines 253--254
[][] 
 []

<images//mean_ridelength_line_dayofweek.pdf, id=397, 542.025pt x 505.89pt>
File: images//mean_ridelength_line_dayofweek.pdf Graphic file (type pdf)
<use images//mean_ridelength_line_dayofweek.pdf>
Package pdftex.def Info: images//mean_ridelength_line_dayofweek.pdf  used on in
put line 257.
(pdftex.def)             Requested size: 233.0662pt x 217.52844pt.

Overfull \hbox (24.28564pt too wide) in paragraph at lines 256--258
[]  [] 
 []

[9 <./images//ridelength_boxplot_wo_outliers.pdf> <./images//dayofweek_t.png> <
./images//mean_ridelength_line_dayofweek.pdf

pdfTeX warning: /Library/TeX/texbin/pdflatex (file ./images//mean_ridelength_li
ne_dayofweek.pdf): PDF inclusion: multiple pdfs with page group included in a s
ingle page
>]
<images//rideable_types.pdf, id=485, 433.62pt x 289.08pt>
File: images//rideable_types.pdf Graphic file (type pdf)
<use images//rideable_types.pdf>
Package pdftex.def Info: images//rideable_types.pdf  used on input line 269.
(pdftex.def)             Requested size: 260.17401pt x 173.44933pt.

Underfull \hbox (badness 10000) in paragraph at lines 279--280

 []


LaTeX Warning: `h' float specifier changed to `ht'.

[10 <./images//rideable_types.pdf>] [11]
<images//mean_ridelength_bar.pdf, id=536, 542.025pt x 505.89pt>
File: images//mean_ridelength_bar.pdf Graphic file (type pdf)
<use images//mean_ridelength_bar.pdf>
Package pdftex.def Info: images//mean_ridelength_bar.pdf  used on input line 31
0.
(pdftex.def)             Requested size: 271.01183pt x 252.94437pt.

Overfull \hbox (27.10223pt too wide) in paragraph at lines 310--311
[][] 
 []

<images//max_ridelength_bar.pdf, id=537, 542.025pt x 505.89pt>
File: images//max_ridelength_bar.pdf Graphic file (type pdf)
<use images//max_ridelength_bar.pdf>
Package pdftex.def Info: images//max_ridelength_bar.pdf  used on input line 314
.
(pdftex.def)             Requested size: 271.01183pt x 252.94437pt.

Overfull \hbox (54.20514pt too wide) in paragraph at lines 314--315
[][] 
 []

[12 <./images//mean_ridelength_bar.pdf> <./images//max_ridelength_bar.pdf

pdfTeX warning: /Library/TeX/texbin/pdflatex (file ./images//max_ridelength_bar
.pdf): PDF inclusion: multiple pdfs with page group included in a single page
>] (./Report.aux)
Package rerunfilecheck Info: File `Report.out' has not changed.
(rerunfilecheck)             Checksum: 10343741A3ED9CB4D7D216EED010767E;2046.
 ) 
Here is how much of TeX's memory you used:
 10814 strings out of 476025
 178461 string characters out of 5790018
 1862388 words of memory out of 5000000
 31093 multiletter control sequences out of 15000+600000
 518092 words of font info for 51 fonts, out of 8000000 for 9000
 1141 hyphenation exceptions out of 8191
 75i,12n,77p,1314b,574s stack positions out of 10000i,1000n,20000p,200000b,200000s
</usr/local/texlive/2023/texmf-dist/fonts/type1/public/amsfonts/cm/cmbx12.pfb
></usr/local/texlive/2023/texmf-dist/fonts/type1/public/amsfonts/cm/cmmi8.pfb><
/usr/local/texlive/2023/texmf-dist/fonts/type1/public/amsfonts/cm/cmr10.pfb></u
sr/local/texlive/2023/texmf-dist/fonts/type1/public/amsfonts/cm/cmr12.pfb></usr
/local/texlive/2023/texmf-dist/fonts/type1/public/amsfonts/cm/cmr17.pfb></usr/l
ocal/texlive/2023/texmf-dist/fonts/type1/public/amsfonts/cm/cmsy10.pfb></usr/lo
cal/texlive/2023/texmf-dist/fonts/type1/public/cm-super/sfrm1200.pfb>
Output written on Report.pdf (12 pages, 1020904 bytes).
PDF statistics:
 684 PDF objects out of 1000 (max. 8388607)
 261 compressed objects within 3 object streams
 55 named destinations out of 1000 (max. 500000)
 224 words of extra memory for PDF output out of 10000 (max. 10000000)

